2025-11-11 01:52:50 INFO Configuration:
---------------------+--------------------------
Param                |           Value          
---------------------+--------------------------
tree                 |           False          
proj                 |           False          
partial              |           False          
mode                 |           train          
path                 | exp/en_ptb.bert-base/model
device               |             0            
seed                 |             1            
threads              |            16            
batch_size           |           5000           
local_rank           |            -1            
verbose              |           True           
Parser               | <class 'diaparser.parsers.biaffine_dependency.BiaffineDependencyParser'>
feat                 |           bert           
build                |           True           
punct                |           False          
max_len              |           None           
buckets              |            32            
train                | /Users/phakphumartkaew/Desktop/mlt/mt_mudt-ud-train.conllu
dev                  | /Users/phakphumartkaew/Desktop/mlt/mt_mudt-ud-dev.conllu
test                 |           None           
embed                |           None           
unk                  |            unk           
bert                 | /Users/phakphumartkaew/Desktop/20251107_maltese_mlm_mb2
---------------------+--------------------------

2025-11-11 01:53:31 INFO Load the datasets
train: /Users/phakphumartkaew/Desktop/mlt/mt_mudt-ud-train.conllu
dev:   /Users/phakphumartkaew/Desktop/mlt/mt_mudt-ud-dev.conllu

2025-11-11 01:53:32 INFO train:  1123 sentences,  32 batches, 32 buckets
2025-11-11 01:53:33 INFO dev:     433 sentences,  32 batches, 32 buckets
2025-11-11 01:53:33 INFO Model
BiaffineDependencyModel(
  Total parameters: 13358741
  Trainable parameters: 11532053
  Features: 10000
  (word_embed): Embedding(1987, 100)
  (feat_embed): BertEmbedding(/Users/phakphumartkaew/Desktop/20251107_maltese_mlm_mb2, n_layers=4, n_out=100, pad_index=0, max_len=512, projection=(128 x 100), mask_token_id=0.0)
  (embed_dropout): IndependentDropout(p=0.33)
  (lstm): LSTM(200, 400, num_layers=3, bidirectional=True, dropout=0.33)
  (lstm_dropout): SharedDropout(p=0.33, batch_first=True)
  (mlp_arc_d): MLP(n_in=800, n_out=500, dropout=0.33)
  (mlp_arc_h): MLP(n_in=800, n_out=500, dropout=0.33)
  (mlp_rel_d): MLP(n_in=800, n_out=100, dropout=0.33)
  (mlp_rel_h): MLP(n_in=800, n_out=100, dropout=0.33)
  (arc_attn): Biaffine(n_in=500, n_out=1, bias_x=True)
  (rel_attn): Biaffine(n_in=100, n_out=48, bias_x=True, bias_y=True)
  (criterion): CrossEntropyLoss()
)

2025-11-11 01:53:33 INFO Epoch 1 / 5000:
