2025-11-11 02:28:32 INFO Configuration:
---------------------+--------------------------
Param                |           Value          
---------------------+--------------------------
tree                 |           False          
proj                 |           False          
partial              |           False          
mode                 |           train          
path                 |   exp/en_ptb.char/model  
device               |             0            
seed                 |             1            
threads              |            16            
batch_size           |           5000           
local_rank           |            -1            
verbose              |           True           
Parser               | <class 'diaparser.parsers.biaffine_dependency.BiaffineDependencyParser'>
feat                 |           char           
build                |           True           
punct                |           False          
max_len              |           None           
buckets              |            32            
train                | /Users/phakphumartkaew/Desktop/tam/ta_ttb-ud-train.conllu
dev                  | /Users/phakphumartkaew/Desktop/tam/ta_ttb-ud-dev.conllu
test                 |           None           
embed                |           None           
unk                  |            unk           
---------------------+--------------------------

2025-11-11 02:28:48 INFO Load the datasets
train: /Users/phakphumartkaew/Desktop/tam/ta_ttb-ud-train.conllu
dev:   /Users/phakphumartkaew/Desktop/tam/ta_ttb-ud-dev.conllu

2025-11-11 02:28:48 INFO train:   400 sentences,  32 batches, 32 buckets
2025-11-11 02:28:48 INFO dev:      80 sentences,  25 batches, 32 buckets
